<?xml version="1.0" encoding="UTF-8"?>
<testsuite xmlns:xsi="http://www.w3.org/2001/XMLSchema-instance" xsi:noNamespaceSchemaLocation="https://maven.apache.org/surefire/maven-surefire-plugin/xsd/surefire-test-report.xsd" version="3.0.2" name="com.makmur.controller.ProductControllerTest" time="9.057" tests="17" errors="0" skipped="0" failures="0">
  <properties>
[...]
</properties>
  <testcase name="a_health_returnsOk" classname="com.makmur.controller.ProductControllerTest" time="0.65"/>
  <testcase name="b_login_validCredentials_returnsToken" classname="com.makmur.controller.ProductControllerTest" time="0.564"/>
  <testcase name="c_login_invalidCredentials_returns401" classname="com.makmur.controller.ProductControllerTest" time="0.534"/>
  <testcase name="d_createProduct_returns201" classname="com.makmur.controller.ProductControllerTest" time="0.578"/>
  <testcase name="e_createProduct_duplicateBarcode_returns409" classname="com.makmur.controller.ProductControllerTest" time="0.493"/>
  <testcase name="f_createProduct_invalidFields_returns422" classname="com.makmur.controller.ProductControllerTest" time="0.464"/>
  <testcase name="g_listProducts_returnsList" classname="com.makmur.controller.ProductControllerTest" time="0.504"/>
  <testcase name="h_getProduct_returnsProduct" classname="com.makmur.controller.ProductControllerTest" time="0.507"/>
  <testcase name="i_getProduct_unknown_returns404" classname="com.makmur.controller.ProductControllerTest" time="0.487"/>
  <testcase name="j_search_returnsFilteredResults" classname="com.makmur.controller.ProductControllerTest" time="0.448"/>
  <testcase name="k_search_tooShort_returns422" classname="com.makmur.controller.ProductControllerTest" time="0.476"/>
  <testcase name="l_updateStock_value_updatesAbsolute" classname="com.makmur.controller.ProductControllerTest" time="0.551"/>
  <testcase name="m_updateStock_delta_updatesRelative" classname="com.makmur.controller.ProductControllerTest" time="0.516"/>
  <testcase name="n_updateStock_negativeResult_returns422" classname="com.makmur.controller.ProductControllerTest" time="0.479"/>
  <testcase name="o_scope_staffOnProduct_returns200" classname="com.makmur.controller.ProductControllerTest" time="0.644"/>
  <testcase name="p_scope_managerOnProduct_returns403" classname="com.makmur.controller.ProductControllerTest" time="0.663"/>
  <testcase name="q_scope_noJwt_returns401" classname="com.makmur.controller.ProductControllerTest" time="0.478"/>
</testsuite>